This is pdfTeX, Version 3.14159265-2.6-1.40.21 (TeX Live 2020) (preloaded format=pdflatex 2020.9.10)  10 SEP 2020 02:51
entering extended mode
 restricted \write18 enabled.
 file:line:error style messages enabled.
 %&-line parsing enabled.
**diff-az-sept10.tex
(./diff-az-sept10.tex
LaTeX2e <2020-02-02> patch level 5
L3 programming layer <2020-09-06>
(/usr/local/texlive/2020basic/texmf-dist/tex/latex/mnras/mnras.cls
Document Class: mnras 2015/05/22\ v3.0\ LaTeX2e MNRAS document class
MNRAS document style v3.0, released 2015/05/22
(/usr/local/texlive/2020basic/texmf-dist/tex/latex/geometry/geometry.sty
Package: geometry 2020/01/02 v5.9 Page Geometry

(/usr/local/texlive/2020basic/texmf-dist/tex/latex/graphics/keyval.sty
Package: keyval 2014/10/28 v1.15 key=value parser (DPC)
\KV@toks@=\toks15
)
(/usr/local/texlive/2020basic/texmf-dist/tex/generic/iftex/ifvtex.sty
Package: ifvtex 2019/10/25 v1.7 ifvtex legacy package. Use iftex instead.

(/usr/local/texlive/2020basic/texmf-dist/tex/generic/iftex/iftex.sty
Package: iftex 2020/03/06 v1.0d TeX engine tests
))
\Gm@cnth=\count168
\Gm@cntv=\count169
\c@Gm@tempcnt=\count170
\Gm@bindingoffset=\dimen134
\Gm@wd@mp=\dimen135
\Gm@odd@mp=\dimen136
\Gm@even@mp=\dimen137
\Gm@layoutwidth=\dimen138
\Gm@layoutheight=\dimen139
\Gm@layouthoffset=\dimen140
\Gm@layoutvoffset=\dimen141
\Gm@dimlist=\toks16
)
(/usr/local/texlive/2020basic/texmf-dist/tex/latex/hyperref/hyperref.sty
Package: hyperref 2020-05-15 v7.00e Hypertext links for LaTeX

(/usr/local/texlive/2020basic/texmf-dist/tex/generic/ltxcmds/ltxcmds.sty
Package: ltxcmds 2019/12/15 v1.24 LaTeX kernel commands for general use (HO)
)
(/usr/local/texlive/2020basic/texmf-dist/tex/generic/pdftexcmds/pdftexcmds.sty
Package: pdftexcmds 2020-06-27 v0.33 Utility functions of pdfTeX for LuaTeX (HO
)

(/usr/local/texlive/2020basic/texmf-dist/tex/generic/infwarerr/infwarerr.sty
Package: infwarerr 2019/12/03 v1.5 Providing info/warning/error messages (HO)
)
Package pdftexcmds Info: \pdf@primitive is available.
Package pdftexcmds Info: \pdf@ifprimitive is available.
Package pdftexcmds Info: \pdfdraftmode found.
)
(/usr/local/texlive/2020basic/texmf-dist/tex/generic/kvsetkeys/kvsetkeys.sty
Package: kvsetkeys 2019/12/15 v1.18 Key value parser (HO)
)
(/usr/local/texlive/2020basic/texmf-dist/tex/generic/kvdefinekeys/kvdefinekeys.
sty
Package: kvdefinekeys 2019-12-19 v1.6 Define keys (HO)
)
(/usr/local/texlive/2020basic/texmf-dist/tex/generic/pdfescape/pdfescape.sty
Package: pdfescape 2019/12/09 v1.15 Implements pdfTeX's escape features (HO)
)
(/usr/local/texlive/2020basic/texmf-dist/tex/latex/hycolor/hycolor.sty
Package: hycolor 2020-01-27 v1.10 Color options for hyperref/bookmark (HO)
)
(/usr/local/texlive/2020basic/texmf-dist/tex/latex/letltxmacro/letltxmacro.sty
Package: letltxmacro 2019/12/03 v1.6 Let assignment for LaTeX macros (HO)
) (/usr/local/texlive/2020basic/texmf-dist/tex/latex/auxhook/auxhook.sty
Package: auxhook 2019-12-17 v1.6 Hooks for auxiliary files (HO)
)
(/usr/local/texlive/2020basic/texmf-dist/tex/latex/kvoptions/kvoptions.sty
Package: kvoptions 2019/11/29 v3.13 Key value format for package options (HO)
)
\@linkdim=\dimen142
\Hy@linkcounter=\count171
\Hy@pagecounter=\count172

(/usr/local/texlive/2020basic/texmf-dist/tex/latex/hyperref/pd1enc.def
File: pd1enc.def 2020-05-15 v7.00e Hyperref: PDFDocEncoding definition (HO)
Now handling font encoding PD1 ...
... no UTF-8 mapping file for font encoding PD1
)
(/usr/local/texlive/2020basic/texmf-dist/tex/generic/intcalc/intcalc.sty
Package: intcalc 2019/12/15 v1.3 Expandable calculations with integers (HO)
)
(/usr/local/texlive/2020basic/texmf-dist/tex/generic/etexcmds/etexcmds.sty
Package: etexcmds 2019/12/15 v1.7 Avoid name clashes with e-TeX commands (HO)
)
\Hy@SavedSpaceFactor=\count173
Package hyperref Info: Option `pdfpagelabels' set `false' on input line 4338.
Package hyperref Info: Option `pdfpagelabels' set `false' on input line 4338.
Package hyperref Info: Hyper figures OFF on input line 4464.
Package hyperref Info: Link nesting OFF on input line 4469.
Package hyperref Info: Hyper index ON on input line 4472.
Package hyperref Info: Plain pages OFF on input line 4479.
Package hyperref Info: Backreferencing OFF on input line 4484.
Package hyperref Info: Implicit mode ON; LaTeX internals redefined.
Package hyperref Info: Bookmarks ON on input line 4717.
\c@Hy@tempcnt=\count174

(/usr/local/texlive/2020basic/texmf-dist/tex/latex/url/url.sty
\Urlmuskip=\muskip16
Package: url 2013/09/16  ver 3.4  Verb mode for urls, etc.
)
LaTeX Info: Redefining \url on input line 5076.
\XeTeXLinkMargin=\dimen143

(/usr/local/texlive/2020basic/texmf-dist/tex/generic/bitset/bitset.sty
Package: bitset 2019/12/09 v1.3 Handle bit-vector datatype (HO)

(/usr/local/texlive/2020basic/texmf-dist/tex/generic/bigintcalc/bigintcalc.sty
Package: bigintcalc 2019/12/15 v1.5 Expandable calculations on big integers (HO
)
))
\Fld@menulength=\count175
\Field@Width=\dimen144
\Fld@charsize=\dimen145
Package hyperref Info: Hyper figures OFF on input line 6347.
Package hyperref Info: Link nesting OFF on input line 6352.
Package hyperref Info: Hyper index ON on input line 6355.
Package hyperref Info: backreferencing OFF on input line 6362.
Package hyperref Info: Link coloring OFF on input line 6367.
Package hyperref Info: Link coloring with OCG OFF on input line 6372.
Package hyperref Info: PDF/A mode OFF on input line 6377.
LaTeX Info: Redefining \ref on input line 6417.
LaTeX Info: Redefining \pageref on input line 6421.
 (/usr/local/texlive/2020basic/texmf-dist/tex/generic/atbegshi/atbegshi.sty
Package: atbegshi 2019/12/05 v1.19 At begin shipout hook (HO)
)
\c@Item=\count176
\c@Hfootnote=\count177
)
Package hyperref Info: Driver (autodetected): hpdftex.

(/usr/local/texlive/2020basic/texmf-dist/tex/latex/hyperref/hpdftex.def
File: hpdftex.def 2020-05-15 v7.00e Hyperref driver for pdfTeX
\Fld@listcount=\count178
\c@bookmark@seq@number=\count179

(/usr/local/texlive/2020basic/texmf-dist/tex/latex/rerunfilecheck/rerunfilechec
k.sty
Package: rerunfilecheck 2019/12/05 v1.9 Rerun checks for auxiliary files (HO)

(/usr/local/texlive/2020basic/texmf-dist/tex/latex/atveryend/atveryend.sty
Package: atveryend 2019-12-11 v1.11 Hooks at the very end of document (HO)
Package atveryend Info: \enddocument detected (standard20110627).
)
(/usr/local/texlive/2020basic/texmf-dist/tex/generic/uniquecounter/uniquecounte
r.sty
Package: uniquecounter 2019/12/15 v1.4 Provide unlimited unique counter (HO)
)
Package uniquecounter Info: New unique counter `rerunfilecheck' on input line 2
86.
)
\Hy@SectionHShift=\skip47
)
Package hyperref Info: Option `colorlinks' set `true' on input line 128.
\math@groups=\toks17
LaTeX Font Info:    Overwriting symbol font `symbols' in version `bold'
(Font)                  OMS/cmsy/b/n --> OMS/cmsy/b/n on input line 288.
\symbmisymbols=\mathgroup4
\symUPM=\mathgroup5
LaTeX Font Info:    Overwriting symbol font `UPM' in version `bold'
(Font)                  U/eur/m/n --> U/eur/b/n on input line 325.
\symAMSa=\mathgroup6
\SFB@measure=\dimen146
\realparindent=\skip48
\c@part=\count180
\c@section=\count181
\c@subsection=\count182
\c@subsubsection=\count183
\c@paragraph=\count184
\c@subparagraph=\count185
\@indentskip=\skip49
\smallindent=\skip50
\@footindent=\skip51
\@leftskip=\skip52
 (/usr/local/texlive/2020basic/texmf-dist/tex/latex/natbib/natbib.sty
Package: natbib 2010/09/13 8.31b (PWD, AO)
\bibhang=\skip53
\bibsep=\skip54
LaTeX Info: Redefining \cite on input line 694.
\c@NAT@ctr=\count186
)
\c@table=\count187
\c@figure=\count188
) (/usr/local/texlive/2020basic/texmf-dist/tex/latex/graphics/graphicx.sty
Package: graphicx 2019/11/30 v1.2a Enhanced LaTeX Graphics (DPC,SPQR)

(/usr/local/texlive/2020basic/texmf-dist/tex/latex/graphics/graphics.sty
Package: graphics 2019/11/30 v1.4a Standard LaTeX Graphics (DPC,SPQR)

(/usr/local/texlive/2020basic/texmf-dist/tex/latex/graphics/trig.sty
Package: trig 2016/01/03 v1.10 sin cos tan (DPC)
)
(/usr/local/texlive/2020basic/texmf-dist/tex/latex/graphics-cfg/graphics.cfg
File: graphics.cfg 2016/06/04 v1.11 sample graphics configuration
)
Package graphics Info: Driver file: pdftex.def on input line 105.

(/usr/local/texlive/2020basic/texmf-dist/tex/latex/graphics-def/pdftex.def
File: pdftex.def 2020/08/26 v1.2 Graphics/color driver for pdftex
))
\Gin@req@height=\dimen147
\Gin@req@width=\dimen148
)
(/usr/local/texlive/2020basic/texmf-dist/tex/latex/amsmath/amsmath.sty
Package: amsmath 2020/01/20 v2.17e AMS math features
\@mathmargin=\skip55

For additional information on amsmath, use the `?' option.
(/usr/local/texlive/2020basic/texmf-dist/tex/latex/amsmath/amstext.sty
Package: amstext 2000/06/29 v2.01 AMS text

(/usr/local/texlive/2020basic/texmf-dist/tex/latex/amsmath/amsgen.sty
File: amsgen.sty 1999/11/30 v2.0 generic functions
\@emptytoks=\toks18
\ex@=\dimen149
))
(/usr/local/texlive/2020basic/texmf-dist/tex/latex/amsmath/amsbsy.sty
Package: amsbsy 1999/11/29 v1.2d Bold Symbols
\pmbraise@=\dimen150
)
(/usr/local/texlive/2020basic/texmf-dist/tex/latex/amsmath/amsopn.sty
Package: amsopn 2016/03/08 v2.02 operator names
)
\inf@bad=\count189
LaTeX Info: Redefining \frac on input line 227.
\uproot@=\count190
\leftroot@=\count191
LaTeX Info: Redefining \overline on input line 389.
\classnum@=\count192
\DOTSCASE@=\count193
LaTeX Info: Redefining \ldots on input line 486.
LaTeX Info: Redefining \dots on input line 489.
LaTeX Info: Redefining \cdots on input line 610.
\Mathstrutbox@=\box45
\strutbox@=\box46
\big@size=\dimen151
LaTeX Font Info:    Redeclaring font encoding OML on input line 733.
LaTeX Font Info:    Redeclaring font encoding OMS on input line 734.
\macc@depth=\count194
\c@MaxMatrixCols=\count195
\dotsspace@=\muskip17
\c@parentequation=\count196
\dspbrk@lvl=\count197
\tag@help=\toks19
\row@=\count198
\column@=\count199
\maxfields@=\count266
\andhelp@=\toks20
\eqnshift@=\dimen152
\alignsep@=\dimen153
\tagshift@=\dimen154
\tagwidth@=\dimen155
\totwidth@=\dimen156
\lineht@=\dimen157
\@envbody=\toks21
\multlinegap=\skip56
\multlinetaggap=\skip57
\mathdisplay@stack=\toks22
LaTeX Info: Redefining \[ on input line 2859.
LaTeX Info: Redefining \] on input line 2860.
)
(/usr/local/texlive/2020basic/texmf-dist/tex/latex/amsfonts/amssymb.sty
Package: amssymb 2013/01/14 v3.01 AMS font symbols

(/usr/local/texlive/2020basic/texmf-dist/tex/latex/amsfonts/amsfonts.sty
Package: amsfonts 2013/01/14 v3.01 Basic AMSFonts support
LaTeX Font Info:    Redeclaring symbol font `AMSa' on input line 59.
LaTeX Font Info:    Overwriting symbol font `AMSa' in version `normal'
(Font)                  U/msa/m/n --> U/msa/m/n on input line 59.
LaTeX Font Info:    Overwriting symbol font `AMSa' in version `bold'
(Font)                  U/msa/m/n --> U/msa/m/n on input line 59.
\symAMSb=\mathgroup7
LaTeX Font Info:    Redeclaring math symbol \hbar on input line 98.
LaTeX Font Info:    Overwriting math alphabet `\mathfrak' in version `bold'
(Font)                  U/euf/m/n --> U/euf/b/n on input line 106.
)
LaTeX Font Info:    Redeclaring math symbol \leqslant on input line 101.
LaTeX Font Info:    Redeclaring math symbol \geqslant on input line 108.
)
(/usr/local/texlive/2020basic/texmf-dist/tex/latex/base/fontenc.sty
Package: fontenc 2020/02/11 v2.0o Standard LaTeX package
)
(/usr/local/texlive/2020basic/texmf-dist/tex/latex/ae/ae.sty
Package: ae 2001/02/12 1.3 Almost European Computer Modern

(/usr/local/texlive/2020basic/texmf-dist/tex/latex/base/fontenc.sty
Package: fontenc 2020/02/11 v2.0o Standard LaTeX package
))
(/usr/local/texlive/2020basic/texmf-dist/tex/latex/ae/aecompl.sty
Package: aecompl 1998/07/23 0.9 T1 Complements for AE fonts (D. Roegel)
)
(/usr/local/texlive/2020basic/texmf-dist/tex/latex/base/inputenc.sty
Package: inputenc 2018/08/11 v1.3c Input encoding file
\inpenc@prehook=\toks23
\inpenc@posthook=\toks24
)
(/usr/local/texlive/2020basic/texmf-dist/tex/latex/oberdiek/hypcap.sty
Package: hypcap 2016/05/16 v1.12 Adjusting the anchors of captions (HO)
)
(/usr/local/texlive/2020basic/texmf-dist/tex/latex/xcolor/xcolor.sty
Package: xcolor 2016/05/11 v2.12 LaTeX color extensions (UK)

(/usr/local/texlive/2020basic/texmf-dist/tex/latex/graphics-cfg/color.cfg
File: color.cfg 2016/01/02 v1.6 sample color configuration
)
Package xcolor Info: Driver file: pdftex.def on input line 225.
Package xcolor Info: Model `cmy' substituted by `cmy0' on input line 1348.
Package xcolor Info: Model `hsb' substituted by `rgb' on input line 1352.
Package xcolor Info: Model `RGB' extended on input line 1364.
Package xcolor Info: Model `HTML' substituted by `rgb' on input line 1366.
Package xcolor Info: Model `Hsb' substituted by `hsb' on input line 1367.
Package xcolor Info: Model `tHsb' substituted by `hsb' on input line 1368.
Package xcolor Info: Model `HSB' substituted by `hsb' on input line 1369.
Package xcolor Info: Model `Gray' substituted by `gray' on input line 1370.
Package xcolor Info: Model `wave' substituted by `hsb' on input line 1371.

(/usr/local/texlive/2020basic/texmf-dist/tex/latex/graphics/dvipsnam.def
File: dvipsnam.def 2016/06/17 v3.0m Driver-dependent file (DPC,SPQR)
))
(/usr/local/texlive/2020basic/texmf-dist/tex/latex/tools/bm.sty
Package: bm 2019/07/24 v1.2d Bold Symbol Support (DPC/FMi)
\symboldoperators=\mathgroup8
\symboldletters=\mathgroup9
\symboldsymbols=\mathgroup10
\symboldUPM=\mathgroup11
LaTeX Font Info:    Redeclaring math alphabet \mathbf on input line 141.
LaTeX Info: Redefining \bm on input line 209.
)
(/usr/local/texlive/2020basic/texmf-dist/tex/latex/caption/subcaption.sty
Package: subcaption 2020/08/23 v1.3g Sub-captions (AR)

(/usr/local/texlive/2020basic/texmf-dist/tex/latex/caption/caption.sty
Package: caption 2020/09/02 v3.5a Customizing captions (AR)

(/usr/local/texlive/2020basic/texmf-dist/tex/latex/caption/caption3.sty
Package: caption3 2020/08/30 v2.0 caption3 kernel (AR)
\captionmargin=\dimen158
\captionmargin@=\dimen159
\captionwidth=\dimen160
\caption@tempdima=\dimen161
\caption@indent=\dimen162
\caption@parindent=\dimen163
\caption@hangindent=\dimen164
\abovecaptionskip=\skip58
\belowcaptionskip=\skip59
Package caption Info: Document class w/o caption stuff detected.
)
\c@caption@flags=\count267
\c@continuedfloat=\count268
Package caption Info: hyperref package is loaded.
Package caption Info: hypcap package is loaded.
)
\c@subfigure=\count269
\c@subtable=\count270
)
(/usr/local/texlive/2020basic/texmf-dist/tex/latex/paralist/paralist.sty
Package: paralist 2017/01/22 v2.7 Extended list environments
\pltopsep=\skip60
\plpartopsep=\skip61
\plitemsep=\skip62
\plparsep=\skip63
\pl@lab=\toks25
)
(/usr/local/texlive/2020basic/texmf-dist/tex/latex/l3packages/xparse/xparse.sty
(/usr/local/texlive/2020basic/texmf-dist/tex/latex/l3kernel/expl3.sty
Package: expl3 2020-09-06 L3 programming layer (loader) 

(/usr/local/texlive/2020basic/texmf-dist/tex/latex/l3backend/l3backend-pdftex.d
ef
File: l3backend-pdftex.def 2020-09-01 L3 backend support: PDF output (pdfTeX)
\l__kernel_color_stack_int=\count271
\l__pdf_internal_box=\box47
))
Package: xparse 2020-05-15 L3 Experimental document command parser

(/usr/local/texlive/2020basic/texmf-dist/tex/latex/l3packages/xparse/xparse-gen
eric.tex
\l__xparse_current_arg_int=\count272
\g__xparse_grabber_int=\count273
\l__xparse_m_args_int=\count274
\l__xparse_v_nesting_int=\count275
)) (./macros.sty
(/usr/local/texlive/2020basic/texmf-dist/tex/latex/tools/xspace.sty
Package: xspace 2014/10/28 v1.13 Space after command names (DPC,MH)
))
Package hyperref Info: Option `draft' set `true' on input line 70.

(/usr/local/texlive/2020basic/texmf-dist/tex/generic/ulem/ulem.sty
\UL@box=\box48
\UL@hyphenbox=\box49
\UL@skip=\skip64
\UL@hook=\toks26
\UL@height=\dimen165
\UL@pe=\count276
\UL@pixel=\dimen166
\ULC@box=\box50
Package: ulem 2019/11/18
\ULdepth=\dimen167
)
(/usr/local/texlive/2020basic/texmf-dist/tex/latex/oberdiek/settobox.sty
Package: settobox 2016/05/16 v1.5 Assign box dimensions to length registers (HO
)
)
\DIFdelgraphicsbox=\box51
\DIFdelgraphicswidth=\skip65
\DIFdelgraphicsheight=\skip66
LaTeX Info: Redefining \DIFaddbegin on input line 129.
LaTeX Info: Redefining \DIFaddend on input line 130.
LaTeX Info: Redefining \DIFdelbegin on input line 131.
LaTeX Info: Redefining \DIFdelend on input line 132.
LaTeX Info: Redefining \DIFaddbeginFL on input line 137.
LaTeX Info: Redefining \DIFaddendFL on input line 138.
LaTeX Info: Redefining \DIFdelbeginFL on input line 139.
LaTeX Info: Redefining \DIFdelendFL on input line 140.

(/usr/local/texlive/2020basic/texmf-dist/tex/latex/listings/listings.sty
\lst@mode=\count277
\lst@gtempboxa=\box52
\lst@token=\toks27
\lst@length=\count278
\lst@currlwidth=\dimen168
\lst@column=\count279
\lst@pos=\count280
\lst@lostspace=\dimen169
\lst@width=\dimen170
\lst@newlines=\count281
\lst@lineno=\count282
\lst@maxwidth=\dimen171

(/usr/local/texlive/2020basic/texmf-dist/tex/latex/listings/lstmisc.sty
File: lstmisc.sty 2020/03/24 1.8d (Carsten Heinz)
\c@lstnumber=\count283
\lst@skipnumbers=\count284
\lst@framebox=\box53
)
(/usr/local/texlive/2020basic/texmf-dist/tex/latex/listings/listings.cfg
File: listings.cfg 2020/03/24 1.8d listings configuration
))
Package: listings 2020/03/24 1.8d (Carsten Heinz)

(./diff-az-sept10.aux)
\openout1 = `diff-az-sept10.aux'.

LaTeX Font Info:    Checking defaults for OML/cmm/m/it on input line 159.
LaTeX Font Info:    ... okay on input line 159.
LaTeX Font Info:    Checking defaults for OMS/cmsy/m/n on input line 159.
LaTeX Font Info:    ... okay on input line 159.
LaTeX Font Info:    Checking defaults for OT1/cmr/m/n on input line 159.
LaTeX Font Info:    ... okay on input line 159.
LaTeX Font Info:    Checking defaults for T1/cmr/m/n on input line 159.
LaTeX Font Info:    ... okay on input line 159.
LaTeX Font Info:    Checking defaults for TS1/cmr/m/n on input line 159.
LaTeX Font Info:    ... okay on input line 159.
LaTeX Font Info:    Checking defaults for OMX/cmex/m/n on input line 159.
LaTeX Font Info:    ... okay on input line 159.
LaTeX Font Info:    Checking defaults for U/cmr/m/n on input line 159.
LaTeX Font Info:    ... okay on input line 159.
LaTeX Font Info:    Checking defaults for PD1/pdf/m/n on input line 159.
LaTeX Font Info:    ... okay on input line 159.
LaTeX Font Info:    Trying to load font information for T1+aer on input line 15
9.

(/usr/local/texlive/2020basic/texmf-dist/tex/latex/ae/t1aer.fd
File: t1aer.fd 1997/11/16 Font definitions for T1/aer.
)
*geometry* driver: auto-detecting
*geometry* detected driver: pdftex
*geometry* verbose mode - [ preamble ] result:
* driver: pdftex
* paper: a4paper
* layout: <same size as paper>
* layoutoffset:(h,v)=(0.0pt,0.0pt)
* modes: twoside 
* h-part:(L,W,R)=(71.70166pt, 418.25368pt, 107.55254pt)
* v-part:(T,H,B)=(101.40665pt, 591.5302pt, 152.11pt)
* \paperwidth=597.50787pt
* \paperheight=785.29605pt
* \textwidth=508.0pt
* \textheight=682.0pt
* \oddsidemargin=-30.0pt
* \evensidemargin=-30.0pt
* \topmargin=-21.68121pt
* \headheight=14.0pt
* \headsep=15.0pt
* \topskip=9.0pt
* \footskip=22.0pt
* \marginparwidth=48.0pt
* \marginparsep=6.0pt
* \columnsep=20.0pt
* \skip\footins=19.5pt plus 12.0pt minus 1.0pt
* \hoffset=0.0pt
* \voffset=0.0pt
* \mag=1000
* \@twocolumntrue
* \@twosidetrue
* \@mparswitchtrue
* \@reversemarginfalse
* (1in=72.27pt=25.4mm, 1cm=28.453pt)

\AtBeginShipoutBox=\box54

Package hyperref Warning: Draft mode on.

Package hyperref Info: Link coloring ON on input line 159.
(/usr/local/texlive/2020basic/texmf-dist/tex/latex/hyperref/nameref.sty
Package: nameref 2019/09/16 v2.46 Cross-referencing by name of section

(/usr/local/texlive/2020basic/texmf-dist/tex/latex/refcount/refcount.sty
Package: refcount 2019/12/15 v3.6 Data extraction from label references (HO)
)
(/usr/local/texlive/2020basic/texmf-dist/tex/generic/gettitlestring/gettitlestr
ing.sty
Package: gettitlestring 2019/12/15 v1.6 Cleanup title references (HO)
)
\c@section@level=\count285
)
LaTeX Info: Redefining \ref on input line 159.
LaTeX Info: Redefining \pageref on input line 159.
LaTeX Info: Redefining \nameref on input line 159.

(/usr/local/texlive/2020basic/texmf-dist/tex/context/base/mkii/supp-pdf.mkii
[Loading MPS to PDF converter (version 2006.09.02).]
\scratchcounter=\count286
\scratchdimen=\dimen172
\scratchbox=\box55
\nofMPsegments=\count287
\nofMParguments=\count288
\everyMPshowfont=\toks28
\MPscratchCnt=\count289
\MPscratchDim=\dimen173
\MPnumerator=\count290
\makeMPintoPDFobject=\count291
\everyMPtoPDFconversion=\toks29
)
(/usr/local/texlive/2020basic/texmf-dist/tex/latex/epstopdf-pkg/epstopdf-base.s
ty
Package: epstopdf-base 2020-01-24 v2.11 Base part for package epstopdf
Package epstopdf-base Info: Redefining graphics rule for `.eps' on input line 4
85.

(/usr/local/texlive/2020basic/texmf-dist/tex/latex/latexconfig/epstopdf-sys.cfg
File: epstopdf-sys.cfg 2010/07/13 v1.3 Configuration of (r)epstopdf for TeX Liv
e
))
Package caption Info: Begin \AtBeginDocument code.
Package caption Info: listings package is loaded.
Package caption Info: End \AtBeginDocument code.
\c@lstlisting=\count292
LaTeX Font Info:    Trying to load font information for U+eur on input line 162
.
 (/usr/local/texlive/2020basic/texmf-dist/tex/latex/amsfonts/ueur.fd
File: ueur.fd 2013/01/14 v3.01 Euler Roman
)
LaTeX Font Info:    Trying to load font information for U+msa on input line 162
.

(/usr/local/texlive/2020basic/texmf-dist/tex/latex/amsfonts/umsa.fd
File: umsa.fd 2013/01/14 v3.01 AMS symbols A
)
LaTeX Font Info:    Trying to load font information for U+msb on input line 162
.

(/usr/local/texlive/2020basic/texmf-dist/tex/latex/amsfonts/umsb.fd
File: umsb.fd 2013/01/14 v3.01 AMS symbols B
)
LaTeX Font Info:    Trying to load font information for T1+aett on input line 1
75.

(/usr/local/texlive/2020basic/texmf-dist/tex/latex/ae/t1aett.fd
File: t1aett.fd 1997/11/16 Font definitions for T1/aett.
)

Package natbib Warning: Citation `jungman_etal96' on page 1 undefined on input 
line 199.


Package natbib Warning: Citation `Bertone+05' on page 1 undefined on input line
 199.


Package natbib Warning: Citation `CosmicVisions17' on page 1 undefined on input
 line 199.


Package natbib Warning: Citation `Profumo+19' on page 1 undefined on input line
 199.


Package natbib Warning: Citation `white_rees78' on page 1 undefined on input li
ne 202.


Package natbib Warning: Citation `blumenthal_etal84' on page 1 undefined on inp
ut line 202.


Package natbib Warning: Citation `press_spergel85' on page 1 undefined on input
 line 205.


Package natbib Warning: Citation `krauss_etal85' on page 1 undefined on input l
ine 205.


Package natbib Warning: Citation `gaisser_etal86' on page 1 undefined on input 
line 205.


Package natbib Warning: Citation `griest_seckel87' on page 1 undefined on input
 line 205.


Package natbib Warning: Citation `Spergel1985EffectInterior' on page 1 undefine
d on input line 209.


Package natbib Warning: Citation `Taoso+10' on page 1 undefined on input line 2
09.


Package natbib Warning: Citation `Zentner2011AsymmetricDwarfs' on page 1 undefi
ned on input line 209.


Package natbib Warning: Citation `Iocco+12' on page 1 undefined on input line 2
09.


Package natbib Warning: Citation `Lopes_Silk12' on page 1 undefined on input li
ne 209.


Package natbib Warning: Citation `Casanellas_Lopes13' on page 1 undefined on in
put line 209.


Package natbib Warning: Citation `Casanellas+15' on page 1 undefined on input l
ine 209.


Package natbib Warning: Citation `vincent_etal15' on page 1 undefined on input 
line 209.


Package natbib Warning: Citation `Murase_Shoemaker16' on page 1 undefined on in
put line 209.


Package natbib Warning: Citation `Lopes_silk19' on page 1 undefined on input li
ne 209.


Package natbib Warning: Citation `Spergel1985EffectInterior' on page 1 undefine
d on input line 211.


Package natbib Warning: Citation `Taoso+10' on page 1 undefined on input line 2
11.


Package natbib Warning: Citation `Zentner2011AsymmetricDwarfs' on page 1 undefi
ned on input line 211.


Package natbib Warning: Citation `Iocco+12' on page 1 undefined on input line 2
11.


Package natbib Warning: Citation `Lopes_Silk12' on page 1 undefined on input li
ne 211.


Package natbib Warning: Citation `Casanellas_Lopes13' on page 1 undefined on in
put line 211.


Package natbib Warning: Citation `Casanellas+15' on page 1 undefined on input l
ine 211.


Package natbib Warning: Citation `vincent_etal15' on page 1 undefined on input 
line 211.


Package natbib Warning: Citation `Murase_Shoemaker16' on page 1 undefined on in
put line 211.


Package natbib Warning: Citation `Lopes_silk19' on page 1 undefined on input li
ne 211.


Package natbib Warning: Citation `Vincent2020' on page 1 undefined on input lin
e 211.


Package natbib Warning: Citation `Paxton2011ModulesMESA' on page 1 undefined on
 input line 224.


Package natbib Warning: Citation `Paxton2013' on page 1 undefined on input line
 224.


Package natbib Warning: Citation `Paxton2015' on page 1 undefined on input line
 224.


Package natbib Warning: Citation `Paxton2018' on page 1 undefined on input line
 224.


Package natbib Warning: Citation `Paxton2019' on page 1 undefined on input line
 224.


Overfull \vbox (38.92357pt too high) has occurred while \output is active []



Package natbib Warning: Citation `jungman_etal96' on page 1 undefined on input 
line 230.


Package natbib Warning: Citation `Bertone+05' on page 1 undefined on input line
 230.


Package natbib Warning: Citation `PLanck18' on page 1 undefined on input line 2
30.


Package natbib Warning: Citation `kolb_turner90' on page 1 undefined on input l
ine 236.


Package natbib Warning: Citation `steigman_etal12' on page 1 undefined on input
 line 238.


Package natbib Warning: Citation `krauss_etal85' on page 1 undefined on input l
ine 245.


Package natbib Warning: Citation `Schumann19' on page 1 undefined on input line
 247.


Package natbib Warning: Citation `Slatyer17' on page 1 undefined on input line 
249.


Underfull \vbox (badness 10000) has occurred while \output is active []

LaTeX Font Info:    Trying to load font information for TS1+aer on input line 2
54.
LaTeX Font Info:    No file TS1aer.fd. on input line 254.


LaTeX Font Warning: Font shape `TS1/aer/m/n' undefined
(Font)              using `TS1/cmr/m/n' instead
(Font)              for symbol `textcopyright' on input line 254.

[1{/usr/local/texlive/2020basic/texmf-var/fonts/map/pdftex/updmap/pdftex.map}


]

Package natbib Warning: Citation `adm_review' on page 2 undefined on input line
 258.


Package natbib Warning: Citation `Nussinov85' on page 2 undefined on input line
 265.


Package natbib Warning: Citation `barr_etal90' on page 2 undefined on input lin
e 265.


Package natbib Warning: Citation `chivukula_walker90' on page 2 undefined on in
put line 265.


Package natbib Warning: Citation `kaplan92' on page 2 undefined on input line 2
65.


Package natbib Warning: Citation `Spergel1985EffectInterior' on page 2 undefine
d on input line 283.


Package natbib Warning: Citation `Taoso+10' on page 2 undefined on input line 2
88.


Package natbib Warning: Citation `Zentner2011AsymmetricDwarfs' on page 2 undefi
ned on input line 288.


Package natbib Warning: Citation `Iocco+12' on page 2 undefined on input line 2
88.


Package natbib Warning: Citation `Lopes_Silk12' on page 2 undefined on input li
ne 288.


Package natbib Warning: Citation `Casanellas_Lopes13' on page 2 undefined on in
put line 288.


Package natbib Warning: Citation `Casanellas+15' on page 2 undefined on input l
ine 288.


Package natbib Warning: Citation `vincent_etal15' on page 2 undefined on input 
line 288.


Package natbib Warning: Citation `Murase_Shoemaker16' on page 2 undefined on in
put line 288.


Package natbib Warning: Citation `Lopes_silk19' on page 2 undefined on input li
ne 288.


Package natbib Warning: Citation `Taoso+10' on page 2 undefined on input line 2
90.


Package natbib Warning: Citation `Zentner2011AsymmetricDwarfs' on page 2 undefi
ned on input line 290.


Package natbib Warning: Citation `Iocco+12' on page 2 undefined on input line 2
90.


Package natbib Warning: Citation `Lopes_Silk12' on page 2 undefined on input li
ne 290.


Package natbib Warning: Citation `Casanellas_Lopes13' on page 2 undefined on in
put line 290.


Package natbib Warning: Citation `Casanellas+15' on page 2 undefined on input l
ine 290.


Package natbib Warning: Citation `vincent_etal15' on page 2 undefined on input 
line 290.


Package natbib Warning: Citation `Murase_Shoemaker16' on page 2 undefined on in
put line 290.


Package natbib Warning: Citation `Lopes_silk19' on page 2 undefined on input li
ne 290.


Package natbib Warning: Citation `Vincent2020' on page 2 undefined on input lin
e 290.


Underfull \vbox (badness 10000) has occurred while \output is active []



Package natbib Warning: Citation `Zentner2009High-energySun' on page 2 undefine
d on input line 342.


Package natbib Warning: Citation `PICO' on page 2 undefined on input line 348.


Package natbib Warning: Citation `Zentner2011AsymmetricDwarfs' on page 2 undefi
ned on input line 369.


Package natbib Warning: Citation `Gould1992CosmologicalAnnihilations' on page 2
 undefined on input line 373.


Package natbib Warning: Citation `Zentner2009High-energySun' on page 2 undefine
d on input line 373.


Package natbib Warning: Citation `Gould1992CosmologicalAnnihilations' on page 2
 undefined on input line 375.


Package natbib Warning: Citation `Zentner2009High-energySun' on page 2 undefine
d on input line 375.


Underfull \hbox (badness 1400) in paragraph at lines 362--377
\T1/aer/m/n/9 Ÿ 3.1) is pro-por-tional to the amount of ADM within
 []

[2]

Package natbib Warning: Citation `Zentner2011AsymmetricDwarfs' on page 3 undefi
ned on input line 407.


Package natbib Warning: Citation `Hurst2015' on page 3 undefined on input line 
407.


Package natbib Warning: Citation `nfwprofile' on page 3 undefined on input line
 440.


Package natbib Warning: Citation `Bertone_Fairbairn08' on page 3 undefined on i
nput line 444.


Package natbib Warning: Citation `Fairbairn+08' on page 3 undefined on input li
ne 444.


Package natbib Warning: Citation `Scott+09' on page 3 undefined on input line 4
45.


Package natbib Warning: Citation `KBD' on page 3 undefined on input line 462.


Package natbib Warning: Citation `Zentner2009High-energySun' on page 3 undefine
d on input line 476.


Package natbib Warning: Citation `Paxton2011ModulesMESA' on page 3 undefined on
 input line 494.


Package natbib Warning: Citation `Paxton2013' on page 3 undefined on input line
 494.


Package natbib Warning: Citation `Paxton2015' on page 3 undefined on input line
 494.


Package natbib Warning: Citation `Paxton2018' on page 3 undefined on input line
 494.


Package natbib Warning: Citation `Paxton2019' on page 3 undefined on input line
 494.


Package natbib Warning: Citation `Dotter2016MesaIsochrones' on page 3 undefined
 on input line 502.


Package natbib Warning: Citation `Choi2016MESAModels' on page 3 undefined on in
put line 502.

[3]

Package natbib Warning: Citation `Spergel1985EffectInterior' on page 4 undefine
d on input line 510.


Package natbib Warning: Citation `Spergel1985EffectInterior' on page 4 undefine
d on input line 521.


Package natbib Warning: Citation `Spergel1985EffectInterior' on page 4 undefine
d on input line 543.


Package natbib Warning: Citation `Kippenhahn2012' on page 4 undefined on input 
line 552.

<plots/m1p0.png, id=37, 252.945pt x 578.16pt>
File: plots/m1p0.png Graphic file (type png)
<use plots/m1p0.png>
Package pdftex.def Info: plots/m1p0.png  used on input line 586.
(pdftex.def)             Requested size: 238.76062pt x 545.74655pt.

LaTeX Warning: Float too large for page by 17.29843pt on input line 590.

[4]

Package natbib Warning: Citation `Iocco+12' on page 5 undefined on input line 6
37.

<plots/m3p5.png, id=42, 252.945pt x 578.16pt>
File: plots/m3p5.png Graphic file (type png)
<use plots/m3p5.png>
Package pdftex.def Info: plots/m3p5.png  used on input line 676.
(pdftex.def)             Requested size: 238.76062pt x 545.74655pt.

LaTeX Warning: Float too large for page by 7.29843pt on input line 680.


Package natbib Warning: Citation `Kippenhahn2012' on page 5 undefined on input 
line 699.

[5 <./plots/m1p0.png>]
<plots/MStau.png, id=47, 578.16pt x 289.08pt>
File: plots/MStau.png Graphic file (type png)
<use plots/MStau.png>
Package pdftex.def Info: plots/MStau.png  used on input line 731.
(pdftex.def)             Requested size: 508.0pt x 253.9986pt.

Underfull \hbox (badness 1102) in paragraph at lines 746--754
|   []   |   []   |   []   |   []   [][]|   []   [][]|   []   |   []   |   []  
 |   []
 []

[6 <./plots/m3p5.png>]
Underfull \vbox (badness 10000) has occurred while \output is active []

<plots/tracks.png, id=53, 578.16pt x 289.08pt>
File: plots/tracks.png Graphic file (type png)
<use plots/tracks.png>
Package pdftex.def Info: plots/tracks.png  used on input line 794.
(pdftex.def)             Requested size: 508.0pt x 253.9986pt.
<plots/Teff.png, id=54, 578.16pt x 289.08pt>
File: plots/Teff.png Graphic file (type png)
<use plots/Teff.png>
Package pdftex.def Info: plots/Teff.png  used on input line 806.
(pdftex.def)             Requested size: 508.0pt x 253.9986pt.

Overfull \hbox (7.0pt too wide) in paragraph at lines 806--809
 [][][] 
 []

[7 <./plots/MStau.png>]
Underfull \vbox (badness 10000) has occurred while \output is active []


Underfull \vbox (badness 10000) has occurred while \output is active []

 [8 <./plots/tracks.png>]
Underfull \vbox (badness 10000) has occurred while \output is active []


Underfull \hbox (badness 1122) in paragraph at lines 932--933
[]|   []   |   []   |   []   |   []   |   []   |   []   |   []
 []


Underfull \vbox (badness 10000) has occurred while \output is active []

 [9 <./plots/Teff.png>]
<plots/isos_cb4.png, id=68, 578.16pt x 722.7pt>
File: plots/isos_cb4.png Graphic file (type png)
<use plots/isos_cb4.png>
Package pdftex.def Info: plots/isos_cb4.png  used on input line 949.
(pdftex.def)             Requested size: 231.2599pt x 289.07487pt.
<plots/isos_cb6.png, id=69, 578.16pt x 722.7pt>
File: plots/isos_cb6.png Graphic file (type png)
<use plots/isos_cb6.png>
Package pdftex.def Info: plots/isos_cb6.png  used on input line 954.
(pdftex.def)             Requested size: 231.2599pt x 289.07487pt.
<plots/hotTeff.png, id=70, 578.16pt x 317.988pt>
File: plots/hotTeff.png Graphic file (type png)
<use plots/hotTeff.png>
Package pdftex.def Info: plots/hotTeff.png  used on input line 974.
(pdftex.def)             Requested size: 508.0pt x 279.39845pt.

Overfull \hbox (7.0pt too wide) in paragraph at lines 974--979
 [][][] 
 []


LaTeX Warning: Reference `fig:isos_cb4' on page 10 undefined on input line 979.



LaTeX Warning: Reference `fig:isos_cb4' on page 10 undefined on input line 979.


<plots/iso_Dotter.png, id=71, 433.62pt x 578.16pt>
File: plots/iso_Dotter.png Graphic file (type png)
<use plots/iso_Dotter.png>
Package pdftex.def Info: plots/iso_Dotter.png  used on input line 989.
(pdftex.def)             Requested size: 228.59845pt x 304.8001pt.

LaTeX Warning: Reference `fig:isos_cb4' on page 10 undefined on input line 1001
.


LaTeX Warning: Reference `fig:isos_cb6' on page 10 undefined on input line 1001
.


LaTeX Warning: Reference `fig:isos_cb6' on page 10 undefined on input line 1017
.


Underfull \hbox (badness 1859) in paragraph at lines 1022--1028
|   []   |   []   |   []   |   []   |   []   |   []   |   []   |   []   |   [] 
  |   []
 []


Underfull \hbox (badness 1028) in paragraph at lines 1022--1028
|   []   |   []   |   []   |   []   |   []   |   []   |   []   |   []   |   []
 []


Underfull \vbox (badness 10000) has occurred while \output is active []

 [10]
Underfull \vbox (badness 10000) has occurred while \output is active []

 [11 <./plots/isos_cb4.png> <./plots/isos_cb6.png>]
Underfull \hbox (badness 2538) in paragraph at lines 1111--1121
[]\T1/aer/m/n/9 Future work along these lines in-cludes []1) []|   []
 []


Underfull \hbox (badness 1226) in paragraph at lines 1111--1121
|   []   |   []   |   []   |   []   |   []   |   []   |   []   |   []
 []


Underfull \hbox (badness 1067) in paragraph at lines 1111--1121
|   []   |   []   |   []   |   []   |   []   |   []   |   []   |   []   |   [] 
  |   []
 []

No file diff-az-sept10.bbl.

Package natbib Warning: There were undefined citations.

Package atveryend Info: Empty hook `BeforeClearDocument' on input line 1182.
[12 <./plots/hotTeff.png>]
Underfull \vbox (badness 10000) has occurred while \output is active []

 [13

 <./plots/iso_Dotter.png>]
Package atveryend Info: Empty hook `AfterLastShipout' on input line 1182.
 (./diff-az-sept10.aux)
Package atveryend Info: Empty hook `AtVeryEndDocument' on input line 1182.
Package atveryend Info: Empty hook `AtEndAfterFileList' on input line 1182.


LaTeX Font Warning: Some font shapes were not available, defaults substituted.


LaTeX Warning: There were undefined references.

Package atveryend Info: Empty hook `AtVeryVeryEnd' on input line 1182.
 ) 
Here is how much of TeX's memory you used:
 11805 strings out of 482324
 179700 string characters out of 5941652
 662360 words of memory out of 5000000
 26941 multiletter control sequences out of 15000+600000
 586803 words of font info for 149 fonts, out of 8000000 for 9000
 319 hyphenation exceptions out of 8191
 51i,19n,47p,3565b,481s stack positions out of 5000i,500n,10000p,200000b,80000s
 </Users/troyraen/Library/texlive/2020basic/texmf-var/fonts/pk/ljfour/jknappe
n/ec/tcrm0800.600pk></usr/local/texlive/2020basic/texmf-dist/fonts/type1/public
/amsfonts/cm/cmb10.pfb></usr/local/texlive/2020basic/texmf-dist/fonts/type1/pub
lic/amsfonts/cmextra/cmex9.pfb></usr/local/texlive/2020basic/texmf-dist/fonts/t
ype1/public/amsfonts/cm/cmmi10.pfb></usr/local/texlive/2020basic/texmf-dist/fon
ts/type1/public/amsfonts/cm/cmmi6.pfb></usr/local/texlive/2020basic/texmf-dist/
fonts/type1/public/amsfonts/cm/cmmi7.pfb></usr/local/texlive/2020basic/texmf-di
st/fonts/type1/public/amsfonts/cm/cmmi8.pfb></usr/local/texlive/2020basic/texmf
-dist/fonts/type1/public/amsfonts/cm/cmmi9.pfb></usr/local/texlive/2020basic/te
xmf-dist/fonts/type1/public/amsfonts/cm/cmr10.pfb></usr/local/texlive/2020basic
/texmf-dist/fonts/type1/public/amsfonts/cm/cmr12.pfb></usr/local/texlive/2020ba
sic/texmf-dist/fonts/type1/public/amsfonts/cm/cmr6.pfb></usr/local/texlive/2020
basic/texmf-dist/fonts/type1/public/amsfonts/cm/cmr7.pfb></usr/local/texlive/20
20basic/texmf-dist/fonts/type1/public/amsfonts/cm/cmr8.pfb></usr/local/texlive/
2020basic/texmf-dist/fonts/type1/public/amsfonts/cm/cmr9.pfb></usr/local/texliv
e/2020basic/texmf-dist/fonts/type1/public/amsfonts/cm/cmsy10.pfb></usr/local/te
xlive/2020basic/texmf-dist/fonts/type1/public/amsfonts/cm/cmsy6.pfb></usr/local
/texlive/2020basic/texmf-dist/fonts/type1/public/amsfonts/cm/cmsy7.pfb></usr/lo
cal/texlive/2020basic/texmf-dist/fonts/type1/public/amsfonts/cm/cmsy8.pfb></usr
/local/texlive/2020basic/texmf-dist/fonts/type1/public/amsfonts/cm/cmsy9.pfb></
usr/local/texlive/2020basic/texmf-dist/fonts/type1/public/amsfonts/cm/cmti12.pf
b></usr/local/texlive/2020basic/texmf-dist/fonts/type1/public/amsfonts/cm/cmti8
.pfb></usr/local/texlive/2020basic/texmf-dist/fonts/type1/public/amsfonts/cm/cm
ti9.pfb></usr/local/texlive/2020basic/texmf-dist/fonts/type1/public/amsfonts/cm
/cmtt8.pfb></usr/local/texlive/2020basic/texmf-dist/fonts/type1/public/amsfonts
/cm/cmtt9.pfb></usr/local/texlive/2020basic/texmf-dist/fonts/type1/public/amsfo
nts/latxfont/lasy6.pfb></usr/local/texlive/2020basic/texmf-dist/fonts/type1/pub
lic/amsfonts/symbols/msam10.pfb>
Output written on diff-az-sept10.pdf (13 pages, 5056090 bytes).
PDF statistics:
 172 PDF objects out of 1000 (max. 8388607)
 111 compressed objects within 2 object streams
 0 named destinations out of 1000 (max. 500000)
 46 words of extra memory for PDF output out of 10000 (max. 10000000)

